FlutterAndiOSAndroid/HostApp/app/build/intermediates/manifest_merge_blame_file/debug/manifest-merger-blame-debug-report.txt
1<?xml version="1.0" encoding="utf-8"?>
2<manifest xmlns:android="http://schemas.android.com/apk/res/android"
3    package="com.peter.myapplication"
4    android:versionCode="1"
5    android:versionName="1.0" >
6
7    <uses-sdk
8        android:minSdkVersion="21"
8-->src/main/AndroidManifest.xml
9        android:targetSdkVersion="29" />
9-->src/main/AndroidManifest.xml
10
11    <uses-permission android:name="android.permission.INTERNET" />
11-->[:flutter] AndroidManifest.xml:13:5-67
11-->[:flutter] AndroidManifest.xml:13:22-64
12    <uses-permission android:name="android.permission.ACCESS_NETWORK_STATE" />
12-->[com.google.android.exoplayer:exoplayer-core:2.9.6] AndroidManifest.xml:24:5-79
12-->[com.google.android.exoplayer:exoplayer-core:2.9.6] AndroidManifest.xml:24:22-76
13
14    <application
14-->src/main/AndroidManifest.xml:5:5-35:19
15        android:allowBackup="true"
15-->src/main/AndroidManifest.xml:6:9-35
16        android:appComponentFactory="androidx.core.app.CoreComponentFactory"
16-->[androidx.core:core:1.1.0] AndroidManifest.xml:24:18-86
17        android:debuggable="true"
18        android:icon="@mipmap/ic_launcher"
18-->src/main/AndroidManifest.xml:7:9-43
19        android:label="@string/app_name"
19-->src/main/AndroidManifest.xml:8:9-41
20        android:roundIcon="@mipmap/ic_launcher_round"
20-->src/main/AndroidManifest.xml:9:9-54
21        android:supportsRtl="true"
21-->src/main/AndroidManifest.xml:10:9-35
22        android:testOnly="true"
23        android:theme="@style/AppTheme" >
23-->src/main/AndroidManifest.xml:11:9-40
24
25        <!-- <meta-data -->
26        <!-- android:name="io.flutter.app.android.SplashScreenUntilFirstFrame" -->
27        <!-- android:value="true"/> -->
28
29        <activity android:name="com.peter.myapplication.MainActivity" >
29-->src/main/AndroidManifest.xml:16:9-22:20
29-->src/main/AndroidManifest.xml:16:19-47
30            <intent-filter>
30-->src/main/AndroidManifest.xml:17:13-21:29
31                <action android:name="android.intent.action.MAIN" />
31-->src/main/AndroidManifest.xml:18:17-69
31-->src/main/AndroidManifest.xml:18:25-66
32
33                <category android:name="android.intent.category.LAUNCHER" />
33-->src/main/AndroidManifest.xml:20:17-77
33-->src/main/AndroidManifest.xml:20:27-74
34            </intent-filter>
35        </activity>
36        <activity
36-->src/main/AndroidManifest.xml:23:9-28:58
37            android:name="io.flutter.embedding.android.FlutterActivity"
37-->src/main/AndroidManifest.xml:24:13-72
38            android:configChanges="orientation|keyboardHidden|keyboard|screenSize|locale|layoutDirection|fontScale|screenLayout|density|uiMode"
38-->src/main/AndroidManifest.xml:25:13-144
39            android:hardwareAccelerated="true"
39-->src/main/AndroidManifest.xml:26:13-47
40            android:theme="@style/AppTheme"
40-->src/main/AndroidManifest.xml:27:13-44
41            android:windowSoftInputMode="adjustResize" />
41-->src/main/AndroidManifest.xml:28:13-55
42        <activity
42-->src/main/AndroidManifest.xml:29:9-34:58
43            android:name="com.peter.myapplication.BridgeActivity"
43-->src/main/AndroidManifest.xml:30:13-43
44            android:configChanges="orientation|keyboardHidden|keyboard|screenSize|locale|layoutDirection|fontScale|screenLayout|density|uiMode"
44-->src/main/AndroidManifest.xml:31:13-144
45            android:hardwareAccelerated="true"
45-->src/main/AndroidManifest.xml:32:13-47
46            android:theme="@style/AppTheme"
46-->src/main/AndroidManifest.xml:33:13-44
47            android:windowSoftInputMode="adjustResize" />
47-->src/main/AndroidManifest.xml:34:13-55
48
49        <meta-data
49-->[:flutter] AndroidManifest.xml:16:9-18:38
50            android:name="flutterProjectType"
50-->[:flutter] AndroidManifest.xml:17:13-46
51            android:value="module" />
51-->[:flutter] AndroidManifest.xml:18:13-35
52        <!--
53           Don't delete the meta-data below.
54           It is used by the Flutter tool to generate GeneratedPluginRegistrant.java
55        -->
56        <meta-data
56-->[:flutter] AndroidManifest.xml:23:9-25:33
57            android:name="flutterEmbedding"
57-->[:flutter] AndroidManifest.xml:24:13-44
58            android:value="2" />
58-->[:flutter] AndroidManifest.xml:25:13-30
59
60        <activity
60-->[:url_launcher] AndroidManifest.xml:8:9-11:74
61            android:name="io.flutter.plugins.urllauncher.WebViewActivity"
61-->[:url_launcher] AndroidManifest.xml:9:13-74
62            android:exported="false"
62-->[:url_launcher] AndroidManifest.xml:10:13-37
63            android:theme="@android:style/Theme.NoTitleBar.Fullscreen" />
63-->[:url_launcher] AndroidManifest.xml:11:13-71
64    </application>
65
66</manifest>